<?xml version="1.0" encoding="UTF-8"?>
<!-- Generated by org.testng.reporters.JUnitReportReporter -->
<testsuite skipped="0" hostname="LAPTOP-FIONSAGV" name="webtests.WikiTest" tests="4" failures="0" timestamp="22 Mar 2019 01:15:42 GMT" time="2.383" errors="0">
  <testcase name="hello" time="0.635" classname="webtests.WikiTest"/>
  <testcase name="deutsch" time="0.672" classname="webtests.WikiTest"/>
  <testcase name="italian" time="0.590" classname="webtests.WikiTest"/>
  <testcase name="espanol" time="0.486" classname="webtests.WikiTest"/>
</testsuite> <!-- webtests.WikiTest -->
